running develop
running egg_info
creating turtlebot3_api.egg-info
writing turtlebot3_api.egg-info/PKG-INFO
writing dependency_links to turtlebot3_api.egg-info/dependency_links.txt
writing entry points to turtlebot3_api.egg-info/entry_points.txt
writing requirements to turtlebot3_api.egg-info/requires.txt
writing top-level names to turtlebot3_api.egg-info/top_level.txt
writing manifest file 'turtlebot3_api.egg-info/SOURCES.txt'
reading manifest file 'turtlebot3_api.egg-info/SOURCES.txt'
writing manifest file 'turtlebot3_api.egg-info/SOURCES.txt'
running build_ext
Creating /workspace/ros2_ws/install/turtlebot3_api/lib/python3.10/site-packages/turtlebot3-api.egg-link (link to .)

Installed /workspace/ros2_ws/build/turtlebot3_api
running symlink_data
creating /workspace/ros2_ws/install/turtlebot3_api/share/ament_index
creating /workspace/ros2_ws/install/turtlebot3_api/share/ament_index/resource_index
creating /workspace/ros2_ws/install/turtlebot3_api/share/ament_index/resource_index/packages
symbolically linking /workspace/ros2_ws/build/turtlebot3_api/resource/turtlebot3_api -> /workspace/ros2_ws/install/turtlebot3_api/share/ament_index/resource_index/packages
symbolically linking /workspace/ros2_ws/build/turtlebot3_api/package.xml -> /workspace/ros2_ws/install/turtlebot3_api/share/turtlebot3_api
